<?xml version="1.0" encoding="UTF-8"?>
<!-- Generated by org.testng.reporters.JUnitReportReporter -->
<testsuite hostname="DIV" failures="0" tests="1" name="GitHub.gitHub_Demo" time="0.017" errors="0" timestamp="2025-09-04T12:02:26 IST" skipped="0">
  <testcase classname="GitHub.gitHub_Demo" name="gitHub" time="0.017"/>
</testsuite> <!-- GitHub.gitHub_Demo -->
